[debug] [2022-05-26T21:29:26.433Z] ----------------------------------------------------------------------
[debug] [2022-05-26T21:29:26.436Z] Command:       C:\Program Files\nodejs\node.exe C:\Users\cdmen\AppData\Roaming\npm\node_modules\firebase-tools\lib\bin\firebase.js init
[debug] [2022-05-26T21:29:26.437Z] CLI Version:   11.0.1
[debug] [2022-05-26T21:29:26.438Z] Platform:      win32
[debug] [2022-05-26T21:29:26.438Z] Node Version:  v16.15.0
[debug] [2022-05-26T21:29:26.440Z] Time:          Thu May 26 2022 18:29:26 GMT-0300 (hora estándar de Argentina)
[debug] [2022-05-26T21:29:26.440Z] ----------------------------------------------------------------------
[debug] 
[debug] [2022-05-26T21:29:26.460Z] > command requires scopes: ["email","openid","https://www.googleapis.com/auth/cloudplatformprojects.readonly","https://www.googleapis.com/auth/firebase","https://www.googleapis.com/auth/cloud-platform"]
[debug] [2022-05-26T21:29:26.461Z] > authorizing via signed-in user (cdmengual@gmail.com)
[info] 
     ######## #### ########  ######## ########     ###     ######  ########
     ##        ##  ##     ## ##       ##     ##  ##   ##  ##       ##
     ######    ##  ########  ######   ########  #########  ######  ######
     ##        ##  ##    ##  ##       ##     ## ##     ##       ## ##
     ##       #### ##     ## ######## ########  ##     ##  ######  ########

You're about to initialize a Firebase project in this directory:

  C:\Users\cdmen\OneDrive\Documentos\Programacion\Repos\Portfolio-CDMengual\FrontEnd - Angular

[info] 
=== Project Setup
[info] 
[info] First, let's associate this project directory with a Firebase project.
[info] You can create multiple project aliases by running firebase use --add, 
[info] but for now we'll just set up a default project.
[info] 
[debug] [2022-05-26T21:30:27.562Z] >>> [apiv2][query] GET https://firebase.googleapis.com/v1beta1/projects pageSize=100
[debug] [2022-05-26T21:30:28.896Z] <<< [apiv2][status] GET https://firebase.googleapis.com/v1beta1/projects 200
[debug] [2022-05-26T21:30:28.896Z] <<< [apiv2][body] GET https://firebase.googleapis.com/v1beta1/projects [omitted]
[info] i  Using project portfolio-cdmengual (Portfolio-CDMengual) 
[info] 
=== Hosting Setup
[info] 
[info] Your public directory is the folder (relative to your project directory) that
[info] will contain Hosting assets to be uploaded with firebase deploy. If you
[info] have a build process for your assets, use your build's output directory.
[info] 
